<?xml version="1.0" encoding="UTF-8"?>
<!-- Generated by org.testng.reporters.JUnitXMLReporter -->
<testsuite ignored="0" hostname="Mohammads-Air.lan" failures="1" tests="2" name="LoginTest" time="58.735" errors="0" timestamp="2021-09-19T22:52:26 EDT">
  <testcase classname="com.tests.LoginTest" name="loginTest" time="4.209"/>
  <testcase classname="com.tests.LoginTest" name="loginTest" time="0.174">
    <failure type="java.lang.IllegalArgumentException" message="Keys to send should be a not null CharSequence">
      <![CDATA[java.lang.IllegalArgumentException: Keys to send should be a not null CharSequence
at org.openqa.selenium.remote.RemoteWebElement.sendKeys(RemoteWebElement.java:97)
at org.openqa.selenium.support.pagefactory.internal.LocatingElementHandler.invoke(LocatingElementHandler.java:51)
at jdk.proxy2/jdk.proxy2.$Proxy16.sendKeys(Unknown Source)
at com.util.Helper.type(Helper.java:28)
at com.pages.LoginPage.loginToAPP(LoginPage.java:32)
at com.tests.LoginTest.loginTest(LoginTest.java:12)
at java.base/java.util.ArrayList.forEach(ArrayList.java:1511)
... Removed 31 stack frames]]>
    </failure>
  </testcase> <!-- loginTest -->
</testsuite> <!-- LoginTest -->
